{
  "RSpec": {
    "coverage": {
      "/Users/oddsmacken/myAcademyQuest/app/helpers/application_helper.rb": {
        "lines": [
          1,
          null
        ]
      },
      "/Users/oddsmacken/myAcademyQuest/app/helpers/brag_helper.rb": {
        "lines": [
          1,
          null
        ]
      },
      "/Users/oddsmacken/myAcademyQuest/app/helpers/quests_helper.rb": {
        "lines": [
          1,
          null
        ]
      },
      "/Users/oddsmacken/myAcademyQuest/app/models/quest.rb": {
        "lines": [
          1,
          1,
          null
        ]
      },
      "/Users/oddsmacken/myAcademyQuest/app/models/application_record.rb": {
        "lines": [
          1,
          1,
          null
        ]
      },
      "/Users/oddsmacken/myAcademyQuest/app/controllers/quests_controller.rb": {
        "lines": [
          1,
          1,
          null,
          null,
          1,
          4,
          4,
          null,
          null,
          null,
          1,
          4,
          null,
          4,
          4,
          4,
          1,
          null,
          null,
          null,
          null,
          null,
          null,
          7,
          4,
          null,
          0,
          0,
          null,
          0,
          0,
          null,
          null,
          null,
          null,
          null,
          1,
          1,
          1,
          1,
          1,
          null,
          null,
          null,
          null,
          null,
          1,
          1,
          null,
          0,
          0,
          null,
          null,
          null,
          null,
          null,
          0,
          0,
          null,
          null,
          null,
          null,
          null,
          1,
          2,
          null,
          2,
          3,
          3,
          2,
          null,
          null,
          null,
          1,
          1,
          3,
          null,
          null,
          1,
          5,
          null,
          null
        ]
      },
      "/Users/oddsmacken/myAcademyQuest/app/controllers/application_controller.rb": {
        "lines": [
          1,
          null,
          null,
          null
        ]
      },
      "/Users/oddsmacken/myAcademyQuest/app/controllers/brag_controller.rb": {
        "lines": [
          1,
          1,
          null,
          null
        ]
      }
    },
    "timestamp": 1755689203
  }
}
